<?xml version="1.0" encoding="UTF-8"?>
<testsuite xmlns:xsi="http://www.w3.org/2001/XMLSchema-instance" xsi:noNamespaceSchemaLocation="https://maven.apache.org/surefire/maven-surefire-plugin/xsd/surefire-test-report-3.0.xsd" version="3.0" name="TestSuite" time="96.821" tests="11" errors="0" skipped="0" failures="6">
  <properties>
[...]
</properties>
  <testcase name="logInTest" classname="com.avenuee.tests.LogInTest" time="4.392">
    <system-err><![CDATA[SLF4J: No SLF4J providers were found.
SLF4J: Defaulting to no-operation (NOP) logger implementation
SLF4J: See https://www.slf4j.org/codes.html#noProviders for further details.
Starting ChromeDriver 116.0.5845.96 (1a391816688002153ef791ffe60d9e899a71a037-refs/branch-heads/5845@{#1382}) on port 23367
Only local connections are allowed.
Please see https://chromedriver.chromium.org/security-considerations for suggestions on keeping ChromeDriver safe.
ChromeDriver was started successfully.
Aug 19, 2023 11:03:33 AM org.openqa.selenium.devtools.CdpVersionFinder findNearestMatch
WARNING: Unable to find an exact match for CDP version 116, so returning the closest version found: 113
]]></system-err>
  </testcase>
  <testcase name="clickBrand" classname="com.avenuee.tests.CartBrandTest" time="7.463">
    <failure message="element click intercepted: Element &lt;li&gt;...&lt;/li&gt; is not clickable at point (281, 695). Other element would receive the click: &lt;iframe id=&quot;aswift_2&quot; name=&quot;aswift_2&quot; style=&quot;width: 1005px !important; height: 124px !important; display: block; margin: 0px auto;&quot; sandbox=&quot;allow-forms allow-popups allow-popups-to-escape-sandbox allow-same-origin allow-scripts allow-top-navigation-by-user-activation&quot; width=&quot;1005&quot; height=&quot;124&quot; frameborder=&quot;0&quot; marginwidth=&quot;0&quot; marginheight=&quot;0&quot; vspace=&quot;0&quot; hspace=&quot;0&quot; allowtransparency=&quot;true&quot; scrolling=&quot;no&quot; src=&quot;https://googleads.g.doubleclick.net/pagead/html/r20230816/r20110914/zrt_lookup.html?fsb=1#RS-3-&amp;amp;adk=1812271801&amp;amp;client=ca-pub-1677597403311019&amp;amp;fa=1&amp;amp;ifi=3&amp;amp;uci=a!3&amp;amp;btvi=1&amp;amp;xpc=Ay1k6qSrqG&amp;amp;p=https%3A//www.automationexercise.com&quot; data-google-container-id=&quot;a!3&quot; data-google-query-id=&quot;CKy009-u6IADFQZVGQodS54IrA&quot; data-load-complete=&quot;true&quot;&gt;&lt;/iframe&gt;&#10;  (Session info: chrome=116.0.5845.96)&#10;Build info: version: &apos;4.9.1&apos;, revision: &apos;eb2032df7f&apos;&#10;System info: os.name: &apos;Mac OS X&apos;, os.arch: &apos;x86_64&apos;, os.version: &apos;12.5.1&apos;, java.version: &apos;19.0.1&apos;&#10;Driver info: org.openqa.selenium.chrome.ChromeDriver&#10;Command: [0edb30b33eb388749aac9988ce40a7ff, clickElement {id=6864FACEE9D9A103265F5C257E0A1628_element_78}]&#10;Capabilities {acceptInsecureCerts: false, browserName: chrome, browserVersion: 116.0.5845.96, chrome: {chromedriverVersion: 116.0.5845.96 (1a3918166880..., userDataDir: /var/folders/ch/6fz8g5ss7w7...}, fedcm:accounts: true, goog:chromeOptions: {debuggerAddress: localhost:59351}, networkConnectionEnabled: false, pageLoadStrategy: normal, platformName: mac, proxy: Proxy(), se:cdp: ws://localhost:59351/devtoo..., se:cdpVersion: 116.0.5845.96, setWindowRect: true, strictFileInteractability: false, timeouts: {implicit: 0, pageLoad: 300000, script: 30000}, unhandledPromptBehavior: dismiss and notify, webauthn:extension:credBlob: true, webauthn:extension:largeBlob: true, webauthn:extension:minPinLength: true, webauthn:extension:prf: true, webauthn:virtualAuthenticators: true}&#10;Element: [[ChromeDriver: chrome on mac (0edb30b33eb388749aac9988ce40a7ff)] -&gt; xpath: //*[@class=&apos;brands-name&apos;]/ul/li]&#10;Session ID: 0edb30b33eb388749aac9988ce40a7ff" type="org.openqa.selenium.ElementClickInterceptedException"><![CDATA[org.openqa.selenium.ElementClickInterceptedException: 
element click intercepted: Element <li>...</li> is not clickable at point (281, 695). Other element would receive the click: <iframe id="aswift_2" name="aswift_2" style="width: 1005px !important; height: 124px !important; display: block; margin: 0px auto;" sandbox="allow-forms allow-popups allow-popups-to-escape-sandbox allow-same-origin allow-scripts allow-top-navigation-by-user-activation" width="1005" height="124" frameborder="0" marginwidth="0" marginheight="0" vspace="0" hspace="0" allowtransparency="true" scrolling="no" src="https://googleads.g.doubleclick.net/pagead/html/r20230816/r20110914/zrt_lookup.html?fsb=1#RS-3-&amp;adk=1812271801&amp;client=ca-pub-1677597403311019&amp;fa=1&amp;ifi=3&amp;uci=a!3&amp;btvi=1&amp;xpc=Ay1k6qSrqG&amp;p=https%3A//www.automationexercise.com" data-google-container-id="a!3" data-google-query-id="CKy009-u6IADFQZVGQodS54IrA" data-load-complete="true"></iframe>
  (Session info: chrome=116.0.5845.96)
Build info: version: '4.9.1', revision: 'eb2032df7f'
System info: os.name: 'Mac OS X', os.arch: 'x86_64', os.version: '12.5.1', java.version: '19.0.1'
Driver info: org.openqa.selenium.chrome.ChromeDriver
Command: [0edb30b33eb388749aac9988ce40a7ff, clickElement {id=6864FACEE9D9A103265F5C257E0A1628_element_78}]
Capabilities {acceptInsecureCerts: false, browserName: chrome, browserVersion: 116.0.5845.96, chrome: {chromedriverVersion: 116.0.5845.96 (1a3918166880..., userDataDir: /var/folders/ch/6fz8g5ss7w7...}, fedcm:accounts: true, goog:chromeOptions: {debuggerAddress: localhost:59351}, networkConnectionEnabled: false, pageLoadStrategy: normal, platformName: mac, proxy: Proxy(), se:cdp: ws://localhost:59351/devtoo..., se:cdpVersion: 116.0.5845.96, setWindowRect: true, strictFileInteractability: false, timeouts: {implicit: 0, pageLoad: 300000, script: 30000}, unhandledPromptBehavior: dismiss and notify, webauthn:extension:credBlob: true, webauthn:extension:largeBlob: true, webauthn:extension:minPinLength: true, webauthn:extension:prf: true, webauthn:virtualAuthenticators: true}
Element: [[ChromeDriver: chrome on mac (0edb30b33eb388749aac9988ce40a7ff)] -> xpath: //*[@class='brands-name']/ul/li]
Session ID: 0edb30b33eb388749aac9988ce40a7ff
	at com.avenuee.tests.CartBrandTest.clickBrand(CartBrandTest.java:34)
]]></failure>
  </testcase>
  <testcase name="contactUsTest" classname="com.avenuee.tests.ContactUsTest" time="6.721">
    <failure message="element click intercepted: Element &lt;input type=&quot;submit&quot; data-qa=&quot;submit-button&quot; name=&quot;submit&quot; class=&quot;btn btn-primary pull-left submit_form&quot; value=&quot;Submit&quot;&gt; is not clickable at point (198, 653). Other element would receive the click: &lt;div id=&quot;aswift_2_host&quot; tabindex=&quot;0&quot; title=&quot;Advertisement&quot; aria-label=&quot;Advertisement&quot; style=&quot;border: none !important; height: 124px !important; width: 100% !important; margin: 0px !important; padding: 0px !important; position: relative !important; visibility: visible !important; background-color: transparent !important; display: inline-block !important; inset: auto !important; clear: none !important; float: none !important; max-height: none !important; max-width: none !important; opacity: 1 !important; overflow: visible !important; vertical-align: baseline !important; z-index: auto !important;&quot;&gt;...&lt;/div&gt;&#10;  (Session info: chrome=116.0.5845.96)&#10;Build info: version: &apos;4.9.1&apos;, revision: &apos;eb2032df7f&apos;&#10;System info: os.name: &apos;Mac OS X&apos;, os.arch: &apos;x86_64&apos;, os.version: &apos;12.5.1&apos;, java.version: &apos;19.0.1&apos;&#10;Driver info: org.openqa.selenium.chrome.ChromeDriver&#10;Command: [0edb30b33eb388749aac9988ce40a7ff, clickElement {id=D84085DC3EB6A0FB0DE68C76B07DE849_element_110}]&#10;Capabilities {acceptInsecureCerts: false, browserName: chrome, browserVersion: 116.0.5845.96, chrome: {chromedriverVersion: 116.0.5845.96 (1a3918166880..., userDataDir: /var/folders/ch/6fz8g5ss7w7...}, fedcm:accounts: true, goog:chromeOptions: {debuggerAddress: localhost:59351}, networkConnectionEnabled: false, pageLoadStrategy: normal, platformName: mac, proxy: Proxy(), se:cdp: ws://localhost:59351/devtoo..., se:cdpVersion: 116.0.5845.96, setWindowRect: true, strictFileInteractability: false, timeouts: {implicit: 0, pageLoad: 300000, script: 30000}, unhandledPromptBehavior: dismiss and notify, webauthn:extension:credBlob: true, webauthn:extension:largeBlob: true, webauthn:extension:minPinLength: true, webauthn:extension:prf: true, webauthn:virtualAuthenticators: true}&#10;Element: [[ChromeDriver: chrome on mac (0edb30b33eb388749aac9988ce40a7ff)] -&gt; xpath: //input[@type=&apos;submit&apos; and @data-qa=&apos;submit-button&apos;]]&#10;Session ID: 0edb30b33eb388749aac9988ce40a7ff" type="org.openqa.selenium.ElementClickInterceptedException"><![CDATA[org.openqa.selenium.ElementClickInterceptedException: 
element click intercepted: Element <input type="submit" data-qa="submit-button" name="submit" class="btn btn-primary pull-left submit_form" value="Submit"> is not clickable at point (198, 653). Other element would receive the click: <div id="aswift_2_host" tabindex="0" title="Advertisement" aria-label="Advertisement" style="border: none !important; height: 124px !important; width: 100% !important; margin: 0px !important; padding: 0px !important; position: relative !important; visibility: visible !important; background-color: transparent !important; display: inline-block !important; inset: auto !important; clear: none !important; float: none !important; max-height: none !important; max-width: none !important; opacity: 1 !important; overflow: visible !important; vertical-align: baseline !important; z-index: auto !important;">...</div>
  (Session info: chrome=116.0.5845.96)
Build info: version: '4.9.1', revision: 'eb2032df7f'
System info: os.name: 'Mac OS X', os.arch: 'x86_64', os.version: '12.5.1', java.version: '19.0.1'
Driver info: org.openqa.selenium.chrome.ChromeDriver
Command: [0edb30b33eb388749aac9988ce40a7ff, clickElement {id=D84085DC3EB6A0FB0DE68C76B07DE849_element_110}]
Capabilities {acceptInsecureCerts: false, browserName: chrome, browserVersion: 116.0.5845.96, chrome: {chromedriverVersion: 116.0.5845.96 (1a3918166880..., userDataDir: /var/folders/ch/6fz8g5ss7w7...}, fedcm:accounts: true, goog:chromeOptions: {debuggerAddress: localhost:59351}, networkConnectionEnabled: false, pageLoadStrategy: normal, platformName: mac, proxy: Proxy(), se:cdp: ws://localhost:59351/devtoo..., se:cdpVersion: 116.0.5845.96, setWindowRect: true, strictFileInteractability: false, timeouts: {implicit: 0, pageLoad: 300000, script: 30000}, unhandledPromptBehavior: dismiss and notify, webauthn:extension:credBlob: true, webauthn:extension:largeBlob: true, webauthn:extension:minPinLength: true, webauthn:extension:prf: true, webauthn:virtualAuthenticators: true}
Element: [[ChromeDriver: chrome on mac (0edb30b33eb388749aac9988ce40a7ff)] -> xpath: //input[@type='submit' and @data-qa='submit-button']]
Session ID: 0edb30b33eb388749aac9988ce40a7ff
	at com.avenuee.tests.ContactUsTest.contactUsTest(ContactUsTest.java:33)
]]></failure>
  </testcase>
  <testcase name="registerCheckoutTest" classname="com.avenuee.tests.RegisterCheckoutTest" time="1.843">
    <failure message="element click intercepted: Element &lt;a data-product-id=&quot;1&quot; class=&quot;btn btn-default add-to-cart&quot;&gt;...&lt;/a&gt; is not clickable at point (586, 625). Other element would receive the click: &lt;iframe id=&quot;aswift_6&quot; name=&quot;aswift_6&quot; style=&quot;width: 1005px !important; height: 124px !important; display: block; margin: 0px auto;&quot; sandbox=&quot;allow-forms allow-popups allow-popups-to-escape-sandbox allow-same-origin allow-scripts allow-top-navigation-by-user-activation&quot; width=&quot;1005&quot; height=&quot;124&quot; frameborder=&quot;0&quot; marginwidth=&quot;0&quot; marginheight=&quot;0&quot; vspace=&quot;0&quot; hspace=&quot;0&quot; allowtransparency=&quot;true&quot; scrolling=&quot;no&quot; src=&quot;https://googleads.g.doubleclick.net/pagead/html/r20230816/r20110914/zrt_lookup.html?fsb=1#RS-3-&amp;amp;adk=1812271801&amp;amp;client=ca-pub-1677597403311019&amp;amp;fa=1&amp;amp;ifi=7&amp;amp;uci=a!7&amp;amp;btvi=3&amp;amp;xpc=jl6kNRHBUp&amp;amp;p=https%3A//www.automationexercise.com&quot; data-google-container-id=&quot;a!7&quot; data-google-query-id=&quot;CKWOlOmu6IADFcOKgwcddi4DLQ&quot; data-load-complete=&quot;true&quot;&gt;&lt;/iframe&gt;&#10;  (Session info: chrome=116.0.5845.96)&#10;Build info: version: &apos;4.9.1&apos;, revision: &apos;eb2032df7f&apos;&#10;System info: os.name: &apos;Mac OS X&apos;, os.arch: &apos;x86_64&apos;, os.version: &apos;12.5.1&apos;, java.version: &apos;19.0.1&apos;&#10;Driver info: org.openqa.selenium.chrome.ChromeDriver&#10;Command: [0edb30b33eb388749aac9988ce40a7ff, clickElement {id=7E86A9546FCAA9D9EFD1775E92FA1A19_element_133}]&#10;Capabilities {acceptInsecureCerts: false, browserName: chrome, browserVersion: 116.0.5845.96, chrome: {chromedriverVersion: 116.0.5845.96 (1a3918166880..., userDataDir: /var/folders/ch/6fz8g5ss7w7...}, fedcm:accounts: true, goog:chromeOptions: {debuggerAddress: localhost:59351}, networkConnectionEnabled: false, pageLoadStrategy: normal, platformName: mac, proxy: Proxy(), se:cdp: ws://localhost:59351/devtoo..., se:cdpVersion: 116.0.5845.96, setWindowRect: true, strictFileInteractability: false, timeouts: {implicit: 0, pageLoad: 300000, script: 30000}, unhandledPromptBehavior: dismiss and notify, webauthn:extension:credBlob: true, webauthn:extension:largeBlob: true, webauthn:extension:minPinLength: true, webauthn:extension:prf: true, webauthn:virtualAuthenticators: true}&#10;Element: [[ChromeDriver: chrome on mac (0edb30b33eb388749aac9988ce40a7ff)] -&gt; xpath: (//a[@data-product-id=&apos;1&apos; and contains(@class, &apos;btn btn-default add-to-cart&apos;)])[2]]&#10;Session ID: 0edb30b33eb388749aac9988ce40a7ff" type="org.openqa.selenium.ElementClickInterceptedException"><![CDATA[org.openqa.selenium.ElementClickInterceptedException: 
element click intercepted: Element <a data-product-id="1" class="btn btn-default add-to-cart">...</a> is not clickable at point (586, 625). Other element would receive the click: <iframe id="aswift_6" name="aswift_6" style="width: 1005px !important; height: 124px !important; display: block; margin: 0px auto;" sandbox="allow-forms allow-popups allow-popups-to-escape-sandbox allow-same-origin allow-scripts allow-top-navigation-by-user-activation" width="1005" height="124" frameborder="0" marginwidth="0" marginheight="0" vspace="0" hspace="0" allowtransparency="true" scrolling="no" src="https://googleads.g.doubleclick.net/pagead/html/r20230816/r20110914/zrt_lookup.html?fsb=1#RS-3-&amp;adk=1812271801&amp;client=ca-pub-1677597403311019&amp;fa=1&amp;ifi=7&amp;uci=a!7&amp;btvi=3&amp;xpc=jl6kNRHBUp&amp;p=https%3A//www.automationexercise.com" data-google-container-id="a!7" data-google-query-id="CKWOlOmu6IADFcOKgwcddi4DLQ" data-load-complete="true"></iframe>
  (Session info: chrome=116.0.5845.96)
Build info: version: '4.9.1', revision: 'eb2032df7f'
System info: os.name: 'Mac OS X', os.arch: 'x86_64', os.version: '12.5.1', java.version: '19.0.1'
Driver info: org.openqa.selenium.chrome.ChromeDriver
Command: [0edb30b33eb388749aac9988ce40a7ff, clickElement {id=7E86A9546FCAA9D9EFD1775E92FA1A19_element_133}]
Capabilities {acceptInsecureCerts: false, browserName: chrome, browserVersion: 116.0.5845.96, chrome: {chromedriverVersion: 116.0.5845.96 (1a3918166880..., userDataDir: /var/folders/ch/6fz8g5ss7w7...}, fedcm:accounts: true, goog:chromeOptions: {debuggerAddress: localhost:59351}, networkConnectionEnabled: false, pageLoadStrategy: normal, platformName: mac, proxy: Proxy(), se:cdp: ws://localhost:59351/devtoo..., se:cdpVersion: 116.0.5845.96, setWindowRect: true, strictFileInteractability: false, timeouts: {implicit: 0, pageLoad: 300000, script: 30000}, unhandledPromptBehavior: dismiss and notify, webauthn:extension:credBlob: true, webauthn:extension:largeBlob: true, webauthn:extension:minPinLength: true, webauthn:extension:prf: true, webauthn:virtualAuthenticators: true}
Element: [[ChromeDriver: chrome on mac (0edb30b33eb388749aac9988ce40a7ff)] -> xpath: (//a[@data-product-id='1' and contains(@class, 'btn btn-default add-to-cart')])[2]]
Session ID: 0edb30b33eb388749aac9988ce40a7ff
	at com.avenuee.tests.RegisterCheckoutTest.registerCheckoutTest(RegisterCheckoutTest.java:31)
]]></failure>
  </testcase>
  <testcase name="CreateAccount" classname="com.avenuee.tests.RegisterUserTest" time="0.028">
    <failure message="expected [Automation Exercise] but found [Automation Exercise - Signup / Login]" type="java.lang.AssertionError"><![CDATA[java.lang.AssertionError: expected [Automation Exercise] but found [Automation Exercise - Signup / Login]
	at com.avenuee.tests.RegisterUserTest.CreateAccount(RegisterUserTest.java:37)
]]></failure>
  </testcase>
  <testcase name="CreateAccountTest" classname="com.avenuee.tests.RegisterUserTest" time="0.008">
    <failure message="expected [Automation Exercise] but found [Automation Exercise - Signup / Login]" type="java.lang.AssertionError"><![CDATA[java.lang.AssertionError: expected [Automation Exercise] but found [Automation Exercise - Signup / Login]
	at com.avenuee.tests.RegisterUserTest.CreateAccountTest(RegisterUserTest.java:26)
]]></failure>
  </testcase>
  <testcase name="removeProductFromCart" classname="com.avenuee.tests.RemoveProductFromCartTest" time="7.827"/>
  <testcase name="searchProduct" classname="com.avenuee.tests.SearchProductTest" time="1.336"/>
  <testcase name="verifyQuantity" classname="com.avenuee.tests.VerifyProductQuantityTest" time="21.022">
    <failure message="Expected condition failed: waiting for visibility of [[ChromeDriver: chrome on mac (0edb30b33eb388749aac9988ce40a7ff)] -&gt; xpath: //button[@class=&apos;btn btn-success close-modal btn-block&apos;]] (tried for 20 second(s) with 500 milliseconds interval)&#10;Build info: version: &apos;4.9.1&apos;, revision: &apos;eb2032df7f&apos;&#10;System info: os.name: &apos;Mac OS X&apos;, os.arch: &apos;x86_64&apos;, os.version: &apos;12.5.1&apos;, java.version: &apos;19.0.1&apos;&#10;Driver info: org.openqa.selenium.chrome.ChromeDriver&#10;Capabilities {acceptInsecureCerts: false, browserName: chrome, browserVersion: 116.0.5845.96, chrome: {chromedriverVersion: 116.0.5845.96 (1a3918166880..., userDataDir: /var/folders/ch/6fz8g5ss7w7...}, fedcm:accounts: true, goog:chromeOptions: {debuggerAddress: localhost:59351}, networkConnectionEnabled: false, pageLoadStrategy: normal, platformName: mac, proxy: Proxy(), se:cdp: ws://localhost:59351/devtoo..., se:cdpVersion: 116.0.5845.96, setWindowRect: true, strictFileInteractability: false, timeouts: {implicit: 0, pageLoad: 300000, script: 30000}, unhandledPromptBehavior: dismiss and notify, webauthn:extension:credBlob: true, webauthn:extension:largeBlob: true, webauthn:extension:minPinLength: true, webauthn:extension:prf: true, webauthn:virtualAuthenticators: true}&#10;Session ID: 0edb30b33eb388749aac9988ce40a7ff" type="org.openqa.selenium.TimeoutException"><![CDATA[org.openqa.selenium.TimeoutException: 
Expected condition failed: waiting for visibility of [[ChromeDriver: chrome on mac (0edb30b33eb388749aac9988ce40a7ff)] -> xpath: //button[@class='btn btn-success close-modal btn-block']] (tried for 20 second(s) with 500 milliseconds interval)
Build info: version: '4.9.1', revision: 'eb2032df7f'
System info: os.name: 'Mac OS X', os.arch: 'x86_64', os.version: '12.5.1', java.version: '19.0.1'
Driver info: org.openqa.selenium.chrome.ChromeDriver
Capabilities {acceptInsecureCerts: false, browserName: chrome, browserVersion: 116.0.5845.96, chrome: {chromedriverVersion: 116.0.5845.96 (1a3918166880..., userDataDir: /var/folders/ch/6fz8g5ss7w7...}, fedcm:accounts: true, goog:chromeOptions: {debuggerAddress: localhost:59351}, networkConnectionEnabled: false, pageLoadStrategy: normal, platformName: mac, proxy: Proxy(), se:cdp: ws://localhost:59351/devtoo..., se:cdpVersion: 116.0.5845.96, setWindowRect: true, strictFileInteractability: false, timeouts: {implicit: 0, pageLoad: 300000, script: 30000}, unhandledPromptBehavior: dismiss and notify, webauthn:extension:credBlob: true, webauthn:extension:largeBlob: true, webauthn:extension:minPinLength: true, webauthn:extension:prf: true, webauthn:virtualAuthenticators: true}
Session ID: 0edb30b33eb388749aac9988ce40a7ff
	at com.avenuee.tests.VerifyProductQuantityTest.verifyQuantity(VerifyProductQuantityTest.java:32)
]]></failure>
  </testcase>
  <testcase name="VerifySubscription" classname="com.avenuee.tests.VerifySubscriptionTest" time="0.706"/>
  <testcase name="VerifyTestCase" classname="com.avenuee.tests.VerifyTestCasesTest" time="0.406"/>
</testsuite>